<?xml version="1.0" encoding="UTF-8"?>
<!-- Generated by org.testng.reporters.JUnitReportReporter -->
<testsuite hostname="Laptop-Helen" failures="0" tests="2" name="Test.TestNGProject1" time="0.007" errors="0" timestamp="2024-04-15T16:45:25 IST" skipped="0">
  <testcase classname="Test.TestNGProject1" name="demo1" time="0.001"/>
  <testcase classname="Test.TestNGProject1" name="demo" time="0.006"/>
</testsuite> <!-- Test.TestNGProject1 -->
