<?xml version="1.0" encoding="UTF-8"?>
<!-- Generated by org.testng.reporters.JUnitReportReporter -->
<testsuite hostname="Laptop-Helen" failures="0" tests="1" name="Test.TestNGProject2" time="0.001" errors="0" timestamp="2024-04-15T16:45:25 IST" skipped="0">
  <testcase classname="Test.TestNGProject2" name="demo" time="0.001"/>
</testsuite> <!-- Test.TestNGProject2 -->
